<?xml version="1.0" encoding="UTF-8"?>
<TestRun id="7760f49f-3af2-4f40-8648-d723ca6ac11a" name="feltmannsa2@VS2010ULTIMATE 2012-05-28 17:05:17" runUser="CS\feltmannsa2" xmlns="http://microsoft.com/schemas/VisualStudio/TeamTest/2010">
  <TestSettings name="Trace and Test Impact" id="028a7fd4-d3fa-4e4b-bc23-2b557a18a687">
    <Description>These are test settings for Trace and Test Impact.</Description>
    <Deployment runDeploymentRoot="feltmannsa2_VS2010ULTIMATE 2012-05-28 17_05_17">
      <DeploymentItem filename="C:\Users\feltmannsa2\Documents\Senior Project\FORwit Movie database\FORWit Movies\FORWit.Movies.Web\bin\FORWit.Movies.Web.dll" />
    </Deployment>
    <Execution>
      <TestTypeSpecific />
      <AgentRule name="Execution Agents">
        <DataCollectors>
          <DataCollector uri="datacollector://microsoft/SystemInfo/1.0" assemblyQualifiedName="Microsoft.VisualStudio.TestTools.DataCollection.SystemInfo.SystemInfoDataCollector, Microsoft.VisualStudio.TestTools.DataCollection.SystemInfo, Version=10.0.0.0, Culture=neutral, PublicKeyToken=b03f5f7f11d50a3a" friendlyName="System Information">
          </DataCollector>
          <DataCollector uri="datacollector://microsoft/ActionLog/1.0" assemblyQualifiedName="Microsoft.VisualStudio.TestTools.ManualTest.ActionLog.ActionLogPlugin, Microsoft.VisualStudio.TestTools.ManualTest.ActionLog, Version=10.0.0.0, Culture=neutral, PublicKeyToken=b03f5f7f11d50a3a" friendlyName="Actions">
          </DataCollector>
          <DataCollector uri="datacollector://microsoft/HttpProxy/1.0" assemblyQualifiedName="Microsoft.VisualStudio.TraceCollector.HttpProxyCollector, Microsoft.VisualStudio.TraceCollector, Version=10.0.0.0, Culture=neutral, PublicKeyToken=b03f5f7f11d50a3a" friendlyName="ASP.NET Client Proxy for IntelliTrace and Test Impact">
          </DataCollector>
          <DataCollector uri="datacollector://microsoft/TestImpact/1.0" assemblyQualifiedName="Microsoft.VisualStudio.TraceCollector.TestImpactDataCollector, Microsoft.VisualStudio.TraceCollector, Version=10.0.0.0, Culture=neutral, PublicKeyToken=b03f5f7f11d50a3a" friendlyName="Test Impact">
          </DataCollector>
          <DataCollector uri="datacollector://microsoft/TraceDebugger/1.0" assemblyQualifiedName="Microsoft.VisualStudio.TraceCollector.TraceDebuggerDataCollector, Microsoft.VisualStudio.TraceCollector, Version=10.0.0.0, Culture=neutral, PublicKeyToken=b03f5f7f11d50a3a" friendlyName="IntelliTrace">
          </DataCollector>
        </DataCollectors>
      </AgentRule>
    </Execution>
  </TestSettings>
  <Times creation="2012-05-28T17:05:17.5777688-07:00" queuing="2012-05-28T17:05:19.2741230-07:00" start="2012-05-28T17:05:26.0087566-07:00" finish="2012-05-28T17:06:15.0213808-07:00" />
  <ResultSummary outcome="Error">
    <Counters total="6" executed="1" error="0" failed="0" timeout="0" aborted="1" inconclusive="0" passedButRunAborted="0" notRunnable="0" notExecuted="5" disconnected="0" warning="0" passed="0" completed="0" inProgress="0" pending="0" />
    <RunInfos>
      <RunInfo computerName="VS2010ULTIMATE" outcome="Error" timestamp="2012-05-28T17:06:15.0184510-07:00">
        <Text>Test host process exited unexpectedly.</Text>
      </RunInfo>
    </RunInfos>
  </ResultSummary>
  <TestDefinitions>
    <UnitTest name="getClubs" storage="c:\users\feltmannsa2\documents\senior project\forwit movie database\forwit movies\movietesting\bin\debug\movietesting.dll" id="10aad808-9e17-acc7-547b-41af8cd40810">
      <Execution id="9e8889c7-62f7-46d6-b43f-34a83e15f3d9" />
      <TestMethod codeBase="C:/Users/feltmannsa2/Documents/Senior Project/FORwit Movie database/FORWit Movies/MovieTesting/bin/Debug/MovieTesting.DLL" adapterTypeName="Microsoft.VisualStudio.TestTools.TestTypes.Unit.UnitTestAdapter, Microsoft.VisualStudio.QualityTools.Tips.UnitTest.Adapter, Version=10.0.0.0, Culture=neutral, PublicKeyToken=b03f5f7f11d50a3a" className="MovieTesting.ClubDBTest, MovieTesting, Version=1.0.0.0, Culture=neutral, PublicKeyToken=null" name="getClubs" />
    </UnitTest>
    <UnitTest name="getOrganizations" storage="c:\users\feltmannsa2\documents\senior project\forwit movie database\forwit movies\movietesting\bin\debug\movietesting.dll" id="70b77a6f-fc5e-5f89-307b-2d4642a83a84">
      <Execution id="99ff5b30-fc7a-4241-8627-a38bc0129ebd" />
      <TestMethod codeBase="C:/Users/feltmannsa2/Documents/Senior Project/FORwit Movie database/FORWit Movies/MovieTesting/bin/Debug/MovieTesting.DLL" adapterTypeName="Microsoft.VisualStudio.TestTools.TestTypes.Unit.UnitTestAdapter, Microsoft.VisualStudio.QualityTools.Tips.UnitTest.Adapter, Version=10.0.0.0, Culture=neutral, PublicKeyToken=b03f5f7f11d50a3a" className="MovieTesting.OrganizationDBTest, MovieTesting, Version=1.0.0.0, Culture=neutral, PublicKeyToken=null" name="getOrganizations" />
    </UnitTest>
    <UnitTest name="getActors" storage="c:\users\feltmannsa2\documents\senior project\forwit movie database\forwit movies\movietesting\bin\debug\movietesting.dll" id="f909511c-58fe-09be-1202-34f4f6548e9f">
      <Execution id="c51efa2f-941e-416e-b13c-625ff7791bb3" />
      <TestMethod codeBase="C:/Users/feltmannsa2/Documents/Senior Project/FORwit Movie database/FORWit Movies/MovieTesting/bin/Debug/MovieTesting.DLL" adapterTypeName="Microsoft.VisualStudio.TestTools.TestTypes.Unit.UnitTestAdapter, Microsoft.VisualStudio.QualityTools.Tips.UnitTest.Adapter, Version=10.0.0.0, Culture=neutral, PublicKeyToken=b03f5f7f11d50a3a" className="MovieTesting.ActorDBTest, MovieTesting, Version=1.0.0.0, Culture=neutral, PublicKeyToken=null" name="getActors" />
    </UnitTest>
    <UnitTest name="getColorsTest" storage="c:\users\feltmannsa2\documents\senior project\forwit movie database\forwit movies\movietesting\bin\debug\movietesting.dll" id="04d41440-76ef-42bb-7b6a-e49d17332b78">
      <Execution id="62285b99-74f7-4e0d-ae06-c449f43ffdd1" />
      <TestMethod codeBase="C:/Users/feltmannsa2/Documents/Senior Project/FORwit Movie database/FORWit Movies/MovieTesting/bin/Debug/MovieTesting.DLL" adapterTypeName="Microsoft.VisualStudio.TestTools.TestTypes.Unit.UnitTestAdapter, Microsoft.VisualStudio.QualityTools.Tips.UnitTest.Adapter, Version=10.0.0.0, Culture=neutral, PublicKeyToken=b03f5f7f11d50a3a" className="MovieTesting.ColorDBTest, MovieTesting, Version=1.0.0.0, Culture=neutral, PublicKeyToken=null" name="getColorsTest" />
    </UnitTest>
    <UnitTest name="CodedUITestMethod1" storage="c:\users\feltmannsa2\documents\senior project\forwit movie database\forwit movies\movietesting\bin\debug\movietesting.dll" id="a18caf24-0f02-8761-1f8e-424a7c9a34f7">
      <Execution id="e4b20cb7-43de-4a43-b00c-37de7e50a54e" />
      <TestMethod codeBase="C:/Users/feltmannsa2/Documents/Senior Project/FORwit Movie database/FORWit Movies/MovieTesting/bin/Debug/MovieTesting.DLL" adapterTypeName="Microsoft.VisualStudio.TestTools.TestTypes.Unit.UnitTestAdapter, Microsoft.VisualStudio.QualityTools.Tips.UnitTest.Adapter, Version=10.0.0.0, Culture=neutral, PublicKeyToken=b03f5f7f11d50a3a" className="MovieTesting.newStudent, MovieTesting, Version=1.0.0.0, Culture=neutral, PublicKeyToken=null" name="CodedUITestMethod1" />
      <Extension>Microsoft.VisualStudio.TestTools.UITesting.CodedUITestAttribute, Microsoft.VisualStudio.QualityTools.CodedUITestFramework, Version=10.0.0.0, Culture=neutral, PublicKeyToken=b03f5f7f11d50a3a</Extension>
    </UnitTest>
    <UnitTest name="getMembers" storage="c:\users\feltmannsa2\documents\senior project\forwit movie database\forwit movies\movietesting\bin\debug\movietesting.dll" id="8422a022-4927-5e32-173c-bb767fd05000">
      <Execution id="010f4eab-7f45-430f-82d4-04b78c906f96" />
      <TestMethod codeBase="C:/Users/feltmannsa2/Documents/Senior Project/FORwit Movie database/FORWit Movies/MovieTesting/bin/Debug/MovieTesting.DLL" adapterTypeName="Microsoft.VisualStudio.TestTools.TestTypes.Unit.UnitTestAdapter, Microsoft.VisualStudio.QualityTools.Tips.UnitTest.Adapter, Version=10.0.0.0, Culture=neutral, PublicKeyToken=b03f5f7f11d50a3a" className="MovieTesting.MemberDBTest, MovieTesting, Version=1.0.0.0, Culture=neutral, PublicKeyToken=null" name="getMembers" />
    </UnitTest>
  </TestDefinitions>
  <TestLists>
    <TestList name="Results Not in a List" id="8c84fa94-04c1-424b-9868-57a2d4851a1d" />
    <TestList name="All Loaded Results" id="19431567-8539-422a-85d7-44ee4e166bda" />
  </TestLists>
  <TestEntries>
    <TestEntry testId="10aad808-9e17-acc7-547b-41af8cd40810" executionId="9e8889c7-62f7-46d6-b43f-34a83e15f3d9" testListId="8c84fa94-04c1-424b-9868-57a2d4851a1d" />
    <TestEntry testId="8422a022-4927-5e32-173c-bb767fd05000" executionId="010f4eab-7f45-430f-82d4-04b78c906f96" testListId="8c84fa94-04c1-424b-9868-57a2d4851a1d" />
    <TestEntry testId="70b77a6f-fc5e-5f89-307b-2d4642a83a84" executionId="99ff5b30-fc7a-4241-8627-a38bc0129ebd" testListId="8c84fa94-04c1-424b-9868-57a2d4851a1d" />
    <TestEntry testId="04d41440-76ef-42bb-7b6a-e49d17332b78" executionId="62285b99-74f7-4e0d-ae06-c449f43ffdd1" testListId="8c84fa94-04c1-424b-9868-57a2d4851a1d" />
    <TestEntry testId="f909511c-58fe-09be-1202-34f4f6548e9f" executionId="c51efa2f-941e-416e-b13c-625ff7791bb3" testListId="8c84fa94-04c1-424b-9868-57a2d4851a1d" />
    <TestEntry testId="a18caf24-0f02-8761-1f8e-424a7c9a34f7" executionId="e4b20cb7-43de-4a43-b00c-37de7e50a54e" testListId="8c84fa94-04c1-424b-9868-57a2d4851a1d" />
  </TestEntries>
  <Results>
    <UnitTestResult executionId="9e8889c7-62f7-46d6-b43f-34a83e15f3d9" testId="10aad808-9e17-acc7-547b-41af8cd40810" testName="getClubs" computerName="VS2010ULTIMATE" duration="00:00:48.3192382" startTime="2012-05-28T17:05:26.7011660-07:00" endTime="2012-05-28T17:06:15.0204042-07:00" testType="13cdc9d9-ddb5-4fa4-a97d-d965ccfc6d4b" outcome="Aborted" testListId="8c84fa94-04c1-424b-9868-57a2d4851a1d" relativeResultsDirectory="9e8889c7-62f7-46d6-b43f-34a83e15f3d9">
    </UnitTestResult>
    <UnitTestResult executionId="010f4eab-7f45-430f-82d4-04b78c906f96" testId="8422a022-4927-5e32-173c-bb767fd05000" testName="getMembers" computerName="VS2010ULTIMATE" testType="13cdc9d9-ddb5-4fa4-a97d-d965ccfc6d4b" outcome="NotExecuted" testListId="8c84fa94-04c1-424b-9868-57a2d4851a1d" relativeResultsDirectory="010f4eab-7f45-430f-82d4-04b78c906f96">
    </UnitTestResult>
    <UnitTestResult executionId="99ff5b30-fc7a-4241-8627-a38bc0129ebd" testId="70b77a6f-fc5e-5f89-307b-2d4642a83a84" testName="getOrganizations" computerName="VS2010ULTIMATE" testType="13cdc9d9-ddb5-4fa4-a97d-d965ccfc6d4b" outcome="NotExecuted" testListId="8c84fa94-04c1-424b-9868-57a2d4851a1d" relativeResultsDirectory="99ff5b30-fc7a-4241-8627-a38bc0129ebd">
    </UnitTestResult>
    <UnitTestResult executionId="62285b99-74f7-4e0d-ae06-c449f43ffdd1" testId="04d41440-76ef-42bb-7b6a-e49d17332b78" testName="getColorsTest" computerName="VS2010ULTIMATE" testType="13cdc9d9-ddb5-4fa4-a97d-d965ccfc6d4b" outcome="NotExecuted" testListId="8c84fa94-04c1-424b-9868-57a2d4851a1d" relativeResultsDirectory="62285b99-74f7-4e0d-ae06-c449f43ffdd1">
    </UnitTestResult>
    <UnitTestResult executionId="c51efa2f-941e-416e-b13c-625ff7791bb3" testId="f909511c-58fe-09be-1202-34f4f6548e9f" testName="getActors" computerName="VS2010ULTIMATE" testType="13cdc9d9-ddb5-4fa4-a97d-d965ccfc6d4b" outcome="NotExecuted" testListId="8c84fa94-04c1-424b-9868-57a2d4851a1d" relativeResultsDirectory="c51efa2f-941e-416e-b13c-625ff7791bb3">
    </UnitTestResult>
    <UnitTestResult executionId="e4b20cb7-43de-4a43-b00c-37de7e50a54e" testId="a18caf24-0f02-8761-1f8e-424a7c9a34f7" testName="CodedUITestMethod1" computerName="VS2010ULTIMATE" testType="13cdc9d9-ddb5-4fa4-a97d-d965ccfc6d4b" outcome="NotExecuted" testListId="8c84fa94-04c1-424b-9868-57a2d4851a1d" relativeResultsDirectory="e4b20cb7-43de-4a43-b00c-37de7e50a54e">
    </UnitTestResult>
  </Results>
</TestRun>